<?xml version="1.0" encoding="UTF-8"?>
<coverage generated="1637076950743" clover="3.2.0">
  <project timestamp="1637076950743" name="All files">
    <metrics statements="215" coveredstatements="46" conditionals="72" coveredconditionals="4" methods="71" coveredmethods="12" elements="358" coveredelements="62" complexity="0" loc="215" ncloc="215" packages="22" files="27" classes="27"/>
    <package name="src">
      <metrics statements="20" coveredstatements="0" conditionals="5" coveredconditionals="0" methods="5" coveredmethods="0"/>
      <file name="App.js" path="C:\Learning\React JS Global Mentoring Propgram\src\App.js">
        <metrics statements="19" coveredstatements="0" conditionals="5" coveredconditionals="0" methods="5" coveredmethods="0"/>
        <line num="9" count="0" type="stmt"/>
        <line num="10" count="0" type="stmt"/>
        <line num="11" count="0" type="stmt"/>
        <line num="12" count="0" type="stmt"/>
        <line num="14" count="0" type="cond" truecount="0" falsecount="1"/>
        <line num="15" count="0" type="stmt"/>
        <line num="16" count="0" type="stmt"/>
        <line num="17" count="0" type="stmt"/>
        <line num="18" count="0" type="stmt"/>
        <line num="21" count="0" type="stmt"/>
        <line num="22" count="0" type="stmt"/>
        <line num="23" count="0" type="stmt"/>
        <line num="26" count="0" type="stmt"/>
        <line num="27" count="0" type="stmt"/>
        <line num="28" count="0" type="stmt"/>
        <line num="31" count="0" type="stmt"/>
        <line num="32" count="0" type="stmt"/>
        <line num="35" count="0" type="stmt"/>
        <line num="37" count="0" type="stmt"/>
      </file>
      <file name="index.js" path="C:\Learning\React JS Global Mentoring Propgram\src\index.js">
        <metrics statements="1" coveredstatements="0" conditionals="0" coveredconditionals="0" methods="0" coveredmethods="0"/>
        <line num="10" count="0" type="stmt"/>
      </file>
    </package>
    <package name="src.components.Button">
      <metrics statements="4" coveredstatements="4" conditionals="0" coveredconditionals="0" methods="1" coveredmethods="1"/>
      <file name="Button.js" path="C:\Learning\React JS Global Mentoring Propgram\src\components\Button\Button.js">
        <metrics statements="4" coveredstatements="4" conditionals="0" coveredconditionals="0" methods="1" coveredmethods="1"/>
        <line num="6" count="2" type="stmt"/>
        <line num="9" count="4" type="stmt"/>
        <line num="18" count="2" type="stmt"/>
        <line num="25" count="2" type="stmt"/>
      </file>
    </package>
    <package name="src.components.Counter">
      <metrics statements="4" coveredstatements="0" conditionals="2" coveredconditionals="0" methods="1" coveredmethods="0"/>
      <file name="Counter.js" path="C:\Learning\React JS Global Mentoring Propgram\src\components\Counter\Counter.js">
        <metrics statements="4" coveredstatements="0" conditionals="2" coveredconditionals="0" methods="1" coveredmethods="0"/>
        <line num="3" count="0" type="stmt"/>
        <line num="4" count="0" type="cond" truecount="0" falsecount="2"/>
        <line num="6" count="0" type="stmt"/>
        <line num="14" count="0" type="stmt"/>
      </file>
    </package>
    <package name="src.components.CustomCheckbox">
      <metrics statements="6" coveredstatements="6" conditionals="0" coveredconditionals="0" methods="2" coveredmethods="2"/>
      <file name="CustomCheckbox.js" path="C:\Learning\React JS Global Mentoring Propgram\src\components\CustomCheckbox\CustomCheckbox.js">
        <metrics statements="6" coveredstatements="6" conditionals="0" coveredconditionals="0" methods="2" coveredmethods="2"/>
        <line num="5" count="1" type="stmt"/>
        <line num="8" count="3" type="stmt"/>
        <line num="9" count="3" type="stmt"/>
        <line num="11" count="3" type="stmt"/>
        <line num="25" count="1" type="stmt"/>
        <line num="32" count="1" type="stmt"/>
      </file>
    </package>
    <package name="src.components.CustomForm">
      <metrics statements="8" coveredstatements="0" conditionals="25" coveredconditionals="0" methods="3" coveredmethods="0"/>
      <file name="CustomForm.js" path="C:\Learning\React JS Global Mentoring Propgram\src\components\CustomForm\CustomForm.js">
        <metrics statements="8" coveredstatements="0" conditionals="25" coveredconditionals="0" methods="3" coveredmethods="0"/>
        <line num="11" count="0" type="stmt"/>
        <line num="14" count="0" type="stmt"/>
        <line num="16" count="0" type="stmt"/>
        <line num="36" count="0" type="stmt"/>
        <line num="39" count="0" type="stmt"/>
        <line num="88" count="0" type="stmt"/>
        <line num="135" count="0" type="stmt"/>
        <line num="140" count="0" type="stmt"/>
      </file>
    </package>
    <package name="src.components.CustomInput">
      <metrics statements="8" coveredstatements="7" conditionals="6" coveredconditionals="3" methods="3" coveredmethods="1"/>
      <file name="CustomInput.js" path="C:\Learning\React JS Global Mentoring Propgram\src\components\CustomInput\CustomInput.js">
        <metrics statements="8" coveredstatements="7" conditionals="6" coveredconditionals="3" methods="3" coveredmethods="1"/>
        <line num="6" count="1" type="stmt"/>
        <line num="9" count="1" type="stmt"/>
        <line num="10" count="0" type="stmt"/>
        <line num="13" count="1" type="stmt"/>
        <line num="18" count="1" type="stmt"/>
        <line num="20" count="1" type="stmt"/>
        <line num="47" count="1" type="stmt"/>
        <line num="58" count="1" type="stmt"/>
      </file>
    </package>
    <package name="src.components.CustomTexArea">
      <metrics statements="4" coveredstatements="0" conditionals="2" coveredconditionals="0" methods="2" coveredmethods="0"/>
      <file name="CustomTextArea.js" path="C:\Learning\React JS Global Mentoring Propgram\src\components\CustomTexArea\CustomTextArea.js">
        <metrics statements="4" coveredstatements="0" conditionals="2" coveredconditionals="0" methods="2" coveredmethods="0"/>
        <line num="3" count="0" type="stmt"/>
        <line num="6" count="0" type="stmt"/>
        <line num="18" count="0" type="stmt"/>
        <line num="25" count="0" type="stmt"/>
      </file>
    </package>
    <package name="src.components.ErrorBoundary">
      <metrics statements="9" coveredstatements="0" conditionals="2" coveredconditionals="0" methods="3" coveredmethods="0"/>
      <file name="ErrorBoundary.js" path="C:\Learning\React JS Global Mentoring Propgram\src\components\ErrorBoundary\ErrorBoundary.js">
        <metrics statements="9" coveredstatements="0" conditionals="2" coveredconditionals="0" methods="3" coveredmethods="0"/>
        <line num="6" count="0" type="stmt"/>
        <line num="7" count="0" type="stmt"/>
        <line num="11" count="0" type="stmt"/>
        <line num="17" count="0" type="stmt"/>
        <line num="18" count="0" type="cond" truecount="0" falsecount="2"/>
        <line num="19" count="0" type="stmt"/>
        <line num="27" count="0" type="stmt"/>
        <line num="29" count="0" type="stmt"/>
        <line num="33" count="0" type="stmt"/>
      </file>
    </package>
    <package name="src.components.Footer">
      <metrics statements="2" coveredstatements="0" conditionals="0" coveredconditionals="0" methods="1" coveredmethods="0"/>
      <file name="Footer.js" path="C:\Learning\React JS Global Mentoring Propgram\src\components\Footer\Footer.js">
        <metrics statements="2" coveredstatements="0" conditionals="0" coveredconditionals="0" methods="1" coveredmethods="0"/>
        <line num="4" count="0" type="stmt"/>
        <line num="5" count="0" type="stmt"/>
      </file>
    </package>
    <package name="src.components.Header">
      <metrics statements="4" coveredstatements="0" conditionals="0" coveredconditionals="0" methods="2" coveredmethods="0"/>
      <file name="Header.js" path="C:\Learning\React JS Global Mentoring Propgram\src\components\Header\Header.js">
        <metrics statements="4" coveredstatements="0" conditionals="0" coveredconditionals="0" methods="2" coveredmethods="0"/>
        <line num="7" count="0" type="stmt"/>
        <line num="8" count="0" type="stmt"/>
        <line num="9" count="0" type="stmt"/>
        <line num="29" count="0" type="stmt"/>
      </file>
    </package>
    <package name="src.components.Login">
      <metrics statements="2" coveredstatements="0" conditionals="0" coveredconditionals="0" methods="1" coveredmethods="0"/>
      <file name="Login.js" path="C:\Learning\React JS Global Mentoring Propgram\src\components\Login\Login.js">
        <metrics statements="2" coveredstatements="0" conditionals="0" coveredconditionals="0" methods="1" coveredmethods="0"/>
        <line num="6" count="0" type="stmt"/>
        <line num="7" count="0" type="stmt"/>
      </file>
    </package>
    <package name="src.components.Logo">
      <metrics statements="2" coveredstatements="2" conditionals="0" coveredconditionals="0" methods="1" coveredmethods="1"/>
      <file name="Logo.js" path="C:\Learning\React JS Global Mentoring Propgram\src\components\Logo\Logo.js">
        <metrics statements="2" coveredstatements="2" conditionals="0" coveredconditionals="0" methods="1" coveredmethods="1"/>
        <line num="4" count="1" type="stmt"/>
        <line num="5" count="2" type="stmt"/>
      </file>
    </package>
    <package name="src.components.Modal">
      <metrics statements="5" coveredstatements="0" conditionals="4" coveredconditionals="0" methods="1" coveredmethods="0"/>
      <file name="Modal.js" path="C:\Learning\React JS Global Mentoring Propgram\src\components\Modal\Modal.js">
        <metrics statements="5" coveredstatements="0" conditionals="4" coveredconditionals="0" methods="1" coveredmethods="0"/>
        <line num="7" count="0" type="stmt"/>
        <line num="10" count="0" type="stmt"/>
        <line num="14" count="0" type="stmt"/>
        <line num="42" count="0" type="stmt"/>
        <line num="51" count="0" type="stmt"/>
      </file>
    </package>
    <package name="src.components.MovieCard">
      <metrics statements="15" coveredstatements="15" conditionals="2" coveredconditionals="1" methods="5" coveredmethods="4"/>
      <file name="MovieCard.js" path="C:\Learning\React JS Global Mentoring Propgram\src\components\MovieCard\MovieCard.js">
        <metrics statements="15" coveredstatements="15" conditionals="2" coveredconditionals="1" methods="5" coveredmethods="4"/>
        <line num="7" count="1" type="stmt"/>
        <line num="10" count="7" type="stmt"/>
        <line num="11" count="7" type="stmt"/>
        <line num="13" count="7" type="stmt"/>
        <line num="18" count="7" type="stmt"/>
        <line num="25" count="7" type="stmt"/>
        <line num="27" count="7" type="stmt"/>
        <line num="28" count="1" type="stmt"/>
        <line num="31" count="7" type="stmt"/>
        <line num="32" count="1" type="stmt"/>
        <line num="35" count="7" type="stmt"/>
        <line num="36" count="1" type="stmt"/>
        <line num="39" count="7" type="stmt"/>
        <line num="83" count="1" type="stmt"/>
        <line num="91" count="1" type="stmt"/>
      </file>
    </package>
    <package name="src.components.MovieInfo">
      <metrics statements="10" coveredstatements="10" conditionals="0" coveredconditionals="0" methods="2" coveredmethods="2"/>
      <file name="MovieInfo.js" path="C:\Learning\React JS Global Mentoring Propgram\src\components\MovieInfo\MovieInfo.js">
        <metrics statements="10" coveredstatements="10" conditionals="0" coveredconditionals="0" methods="2" coveredmethods="2"/>
        <line num="9" count="1" type="stmt"/>
        <line num="12" count="2" type="stmt"/>
        <line num="14" count="2" type="stmt"/>
        <line num="15" count="2" type="stmt"/>
        <line num="16" count="2" type="stmt"/>
        <line num="17" count="2" type="stmt"/>
        <line num="19" count="2" type="stmt"/>
        <line num="21" count="2" type="stmt"/>
        <line num="49" count="1" type="stmt"/>
        <line num="62" count="1" type="stmt"/>
      </file>
    </package>
    <package name="src.components.MovieList">
      <metrics statements="60" coveredstatements="0" conditionals="10" coveredconditionals="0" methods="17" coveredmethods="0"/>
      <file name="MovieList.js" path="C:\Learning\React JS Global Mentoring Propgram\src\components\MovieList\MovieList.js">
        <metrics statements="7" coveredstatements="0" conditionals="0" coveredconditionals="0" methods="5" coveredmethods="0"/>
        <line num="7" count="0" type="stmt"/>
        <line num="18" count="0" type="stmt"/>
        <line num="22" count="0" type="stmt"/>
        <line num="38" count="0" type="stmt"/>
        <line num="40" count="0" type="stmt"/>
        <line num="50" count="0" type="stmt"/>
        <line num="63" count="0" type="stmt"/>
      </file>
      <file name="MovieListContainer.js" path="C:\Learning\React JS Global Mentoring Propgram\src\components\MovieList\MovieListContainer.js">
        <metrics statements="53" coveredstatements="0" conditionals="10" coveredconditionals="0" methods="12" coveredmethods="0"/>
        <line num="9" count="0" type="stmt"/>
        <line num="10" count="0" type="stmt"/>
        <line num="11" count="0" type="stmt"/>
        <line num="12" count="0" type="cond" truecount="0" falsecount="2"/>
        <line num="13" count="0" type="stmt"/>
        <line num="15" count="0" type="stmt"/>
        <line num="17" count="0" type="stmt"/>
        <line num="18" count="0" type="stmt"/>
        <line num="21" count="0" type="stmt"/>
        <line num="22" count="0" type="stmt"/>
        <line num="25" count="0" type="stmt"/>
        <line num="26" count="0" type="stmt"/>
        <line num="27" count="0" type="stmt"/>
        <line num="29" count="0" type="cond" truecount="0" falsecount="4"/>
        <line num="31" count="0" type="stmt"/>
        <line num="32" count="0" type="stmt"/>
        <line num="35" count="0" type="stmt"/>
        <line num="36" count="0" type="stmt"/>
        <line num="39" count="0" type="stmt"/>
        <line num="40" count="0" type="stmt"/>
        <line num="43" count="0" type="stmt"/>
        <line num="46" count="0" type="cond" truecount="0" falsecount="2"/>
        <line num="47" count="0" type="stmt"/>
        <line num="48" count="0" type="stmt"/>
        <line num="51" count="0" type="stmt"/>
        <line num="53" count="0" type="stmt"/>
        <line num="54" count="0" type="stmt"/>
        <line num="55" count="0" type="stmt"/>
        <line num="56" count="0" type="stmt"/>
        <line num="57" count="0" type="stmt"/>
        <line num="58" count="0" type="stmt"/>
        <line num="60" count="0" type="stmt"/>
        <line num="61" count="0" type="stmt"/>
        <line num="62" count="0" type="stmt"/>
        <line num="63" count="0" type="stmt"/>
        <line num="64" count="0" type="stmt"/>
        <line num="65" count="0" type="stmt"/>
        <line num="66" count="0" type="stmt"/>
        <line num="69" count="0" type="stmt"/>
        <line num="70" count="0" type="stmt"/>
        <line num="71" count="0" type="stmt"/>
        <line num="74" count="0" type="stmt"/>
        <line num="75" count="0" type="stmt"/>
        <line num="76" count="0" type="stmt"/>
        <line num="79" count="0" type="stmt"/>
        <line num="81" count="0" type="stmt"/>
        <line num="82" count="0" type="stmt"/>
        <line num="86" count="0" type="stmt"/>
        <line num="87" count="0" type="stmt"/>
        <line num="88" count="0" type="stmt"/>
        <line num="91" count="0" type="stmt"/>
        <line num="119" count="0" type="stmt"/>
        <line num="124" count="0" type="stmt"/>
      </file>
    </package>
    <package name="src.components.MoviePopup">
      <metrics statements="21" coveredstatements="0" conditionals="10" coveredconditionals="0" methods="6" coveredmethods="0"/>
      <file name="MoviePopup.js" path="C:\Learning\React JS Global Mentoring Propgram\src\components\MoviePopup\MoviePopup.js">
        <metrics statements="4" coveredstatements="0" conditionals="0" coveredconditionals="0" methods="1" coveredmethods="0"/>
        <line num="7" count="0" type="stmt"/>
        <line num="10" count="0" type="stmt"/>
        <line num="26" count="0" type="stmt"/>
        <line num="33" count="0" type="stmt"/>
      </file>
      <file name="MoviePopupContainer.js" path="C:\Learning\React JS Global Mentoring Propgram\src\components\MoviePopup\MoviePopupContainer.js">
        <metrics statements="17" coveredstatements="0" conditionals="10" coveredconditionals="0" methods="5" coveredmethods="0"/>
        <line num="6" count="0" type="stmt"/>
        <line num="7" count="0" type="stmt"/>
        <line num="8" count="0" type="stmt"/>
        <line num="10" count="0" type="stmt"/>
        <line num="12" count="0" type="stmt"/>
        <line num="13" count="0" type="stmt"/>
        <line num="14" count="0" type="stmt"/>
        <line num="20" count="0" type="cond" truecount="0" falsecount="4"/>
        <line num="23" count="0" type="stmt"/>
        <line num="26" count="0" type="cond" truecount="0" falsecount="2"/>
        <line num="28" count="0" type="stmt"/>
        <line num="33" count="0" type="cond" truecount="0" falsecount="2"/>
        <line num="34" count="0" type="stmt"/>
        <line num="36" count="0" type="stmt"/>
        <line num="40" count="0" type="stmt"/>
        <line num="50" count="0" type="stmt"/>
        <line num="56" count="0" type="stmt"/>
      </file>
    </package>
    <package name="src.components.PopupWrapper">
      <metrics statements="3" coveredstatements="0" conditionals="0" coveredconditionals="0" methods="1" coveredmethods="0"/>
      <file name="PopupWrapper.js" path="C:\Learning\React JS Global Mentoring Propgram\src\components\PopupWrapper\PopupWrapper.js">
        <metrics statements="3" coveredstatements="0" conditionals="0" coveredconditionals="0" methods="1" coveredmethods="0"/>
        <line num="3" count="0" type="stmt"/>
        <line num="4" count="0" type="stmt"/>
        <line num="9" count="0" type="stmt"/>
      </file>
    </package>
    <package name="src.components.SearchForm">
      <metrics statements="5" coveredstatements="0" conditionals="2" coveredconditionals="0" methods="2" coveredmethods="0"/>
      <file name="SearchForm.js" path="C:\Learning\React JS Global Mentoring Propgram\src\components\SearchForm\SearchForm.js">
        <metrics statements="5" coveredstatements="0" conditionals="2" coveredconditionals="0" methods="2" coveredmethods="0"/>
        <line num="7" count="0" type="stmt"/>
        <line num="8" count="0" type="cond" truecount="0" falsecount="2"/>
        <line num="9" count="0" type="stmt"/>
        <line num="10" count="0" type="stmt"/>
        <line num="12" count="0" type="stmt"/>
      </file>
    </package>
    <package name="src.components.SelectButton">
      <metrics statements="9" coveredstatements="0" conditionals="2" coveredconditionals="0" methods="3" coveredmethods="0"/>
      <file name="SelectButton.js" path="C:\Learning\React JS Global Mentoring Propgram\src\components\SelectButton\SelectButton.js">
        <metrics statements="9" coveredstatements="0" conditionals="2" coveredconditionals="0" methods="3" coveredmethods="0"/>
        <line num="5" count="0" type="stmt"/>
        <line num="8" count="0" type="stmt"/>
        <line num="10" count="0" type="stmt"/>
        <line num="11" count="0" type="stmt"/>
        <line num="14" count="0" type="stmt"/>
        <line num="19" count="0" type="stmt"/>
        <line num="32" count="0" type="stmt"/>
        <line num="40" count="0" type="stmt"/>
        <line num="48" count="0" type="stmt"/>
      </file>
    </package>
    <package name="src.components.Title">
      <metrics statements="2" coveredstatements="2" conditionals="0" coveredconditionals="0" methods="1" coveredmethods="1"/>
      <file name="Title.js" path="C:\Learning\React JS Global Mentoring Propgram\src\components\Title\Title.js">
        <metrics statements="2" coveredstatements="2" conditionals="0" coveredconditionals="0" methods="1" coveredmethods="1"/>
        <line num="5" count="2" type="stmt"/>
        <line num="7" count="1" type="stmt"/>
      </file>
    </package>
    <package name="src.store">
      <metrics statements="12" coveredstatements="0" conditionals="0" coveredconditionals="0" methods="8" coveredmethods="0"/>
      <file name="moviesSlice.js" path="C:\Learning\React JS Global Mentoring Propgram\src\store\moviesSlice.js">
        <metrics statements="8" coveredstatements="0" conditionals="0" coveredconditionals="0" methods="6" coveredmethods="0"/>
        <line num="3" count="0" type="stmt"/>
        <line num="5" count="0" type="stmt"/>
        <line num="7" count="0" type="stmt"/>
        <line num="15" count="0" type="stmt"/>
        <line num="19" count="0" type="stmt"/>
        <line num="23" count="0" type="stmt"/>
        <line num="27" count="0" type="stmt"/>
        <line num="31" count="0" type="stmt"/>
      </file>
      <file name="requestSlice.js" path="C:\Learning\React JS Global Mentoring Propgram\src\store\requestSlice.js">
        <metrics statements="4" coveredstatements="0" conditionals="0" coveredconditionals="0" methods="2" coveredmethods="0"/>
        <line num="3" count="0" type="stmt"/>
        <line num="16" count="0" type="stmt"/>
        <line num="25" count="0" type="stmt"/>
        <line num="36" count="0" type="stmt"/>
      </file>
      <file name="store.js" path="C:\Learning\React JS Global Mentoring Propgram\src\store\store.js">
        <metrics statements="0" coveredstatements="0" conditionals="0" coveredconditionals="0" methods="0" coveredmethods="0"/>
      </file>
    </package>
  </project>
</coverage>
