{"C:\\Learning\\React JS Global Mentoring Propgram\\src\\App.js": {"path":"C:\\Learning\\React JS Global Mentoring Propgram\\src\\App.js","statementMap":{"0":{"start":{"line":9,"column":12},"end":{"line":65,"column":1}},"1":{"start":{"line":10,"column":54},"end":{"line":10,"column":69}},"2":{"start":{"line":11,"column":28},"end":{"line":11,"column":42}},"3":{"start":{"line":12,"column":36},"end":{"line":12,"column":48}},"4":{"start":{"line":14,"column":25},"end":{"line":19,"column":3}},"5":{"start":{"line":15,"column":4},"end":{"line":15,"column":44}},"6":{"start":{"line":16,"column":4},"end":{"line":16,"column":47}},"7":{"start":{"line":17,"column":4},"end":{"line":17,"column":25}},"8":{"start":{"line":18,"column":4},"end":{"line":18,"column":24}},"9":{"start":{"line":21,"column":26},"end":{"line":24,"column":3}},"10":{"start":{"line":22,"column":4},"end":{"line":22,"column":38}},"11":{"start":{"line":23,"column":4},"end":{"line":23,"column":47}},"12":{"start":{"line":26,"column":24},"end":{"line":29,"column":3}},"13":{"start":{"line":27,"column":4},"end":{"line":27,"column":44}},"14":{"start":{"line":28,"column":4},"end":{"line":28,"column":24}},"15":{"start":{"line":31,"column":25},"end":{"line":33,"column":3}},"16":{"start":{"line":32,"column":4},"end":{"line":32,"column":21}},"17":{"start":{"line":35,"column":27},"end":{"line":35,"column":60}},"18":{"start":{"line":37,"column":2},"end":{"line":64,"column":4}}},"fnMap":{"0":{"name":"(anonymous_0)","decl":{"start":{"line":9,"column":12},"end":{"line":9,"column":13}},"loc":{"start":{"line":9,"column":18},"end":{"line":65,"column":1}},"line":9},"1":{"name":"(anonymous_1)","decl":{"start":{"line":14,"column":25},"end":{"line":14,"column":26}},"loc":{"start":{"line":14,"column":53},"end":{"line":19,"column":3}},"line":14},"2":{"name":"(anonymous_2)","decl":{"start":{"line":21,"column":26},"end":{"line":21,"column":27}},"loc":{"start":{"line":21,"column":32},"end":{"line":24,"column":3}},"line":21},"3":{"name":"(anonymous_3)","decl":{"start":{"line":26,"column":24},"end":{"line":26,"column":25}},"loc":{"start":{"line":26,"column":35},"end":{"line":29,"column":3}},"line":26},"4":{"name":"(anonymous_4)","decl":{"start":{"line":31,"column":25},"end":{"line":31,"column":26}},"loc":{"start":{"line":31,"column":31},"end":{"line":33,"column":3}},"line":31}},"branchMap":{"0":{"loc":{"start":{"line":14,"column":38},"end":{"line":14,"column":48}},"type":"default-arg","locations":[{"start":{"line":14,"column":46},"end":{"line":14,"column":48}}],"line":14},"1":{"loc":{"start":{"line":40,"column":9},"end":{"line":49,"column":9}},"type":"cond-expr","locations":[{"start":{"line":41,"column":10},"end":{"line":44,"column":12}},{"start":{"line":46,"column":10},"end":{"line":48,"column":12}}],"line":40},"2":{"loc":{"start":{"line":55,"column":9},"end":{"line":61,"column":9}},"type":"binary-expr","locations":[{"start":{"line":55,"column":9},"end":{"line":55,"column":27}},{"start":{"line":56,"column":10},"end":{"line":60,"column":12}}],"line":55}},"s":{"0":0,"1":0,"2":0,"3":0,"4":0,"5":0,"6":0,"7":0,"8":0,"9":0,"10":0,"11":0,"12":0,"13":0,"14":0,"15":0,"16":0,"17":0,"18":0},"f":{"0":0,"1":0,"2":0,"3":0,"4":0},"b":{"0":[0],"1":[0,0],"2":[0,0]}}
,"C:\\Learning\\React JS Global Mentoring Propgram\\src\\index.js": {"path":"C:\\Learning\\React JS Global Mentoring Propgram\\src\\index.js","statementMap":{"0":{"start":{"line":10,"column":0},"end":{"line":22,"column":2}}},"fnMap":{},"branchMap":{},"s":{"0":0},"f":{},"b":{}}
,"C:\\Learning\\React JS Global Mentoring Propgram\\src\\components\\Button\\Button.js": {"path":"C:\\Learning\\React JS Global Mentoring Propgram\\src\\components\\Button\\Button.js","statementMap":{"0":{"start":{"line":6,"column":15},"end":{"line":16,"column":1}},"1":{"start":{"line":9,"column":2},"end":{"line":15,"column":11}},"2":{"start":{"line":18,"column":0},"end":{"line":23,"column":2}},"3":{"start":{"line":25,"column":0},"end":{"line":27,"column":2}}},"fnMap":{"0":{"name":"(anonymous_0)","decl":{"start":{"line":6,"column":15},"end":{"line":6,"column":16}},"loc":{"start":{"line":9,"column":2},"end":{"line":15,"column":11}},"line":9}},"branchMap":{},"s":{"0":2,"1":4,"2":2,"3":2},"f":{"0":4},"b":{},"_coverageSchema":"1a1c01bbd47fc00a2c39e90264f33305004495a9","hash":"64345f92f4793dde1eb01b97de886fa6be24e442"}
,"C:\\Learning\\React JS Global Mentoring Propgram\\src\\components\\Counter\\Counter.js": {"path":"C:\\Learning\\React JS Global Mentoring Propgram\\src\\components\\Counter\\Counter.js","statementMap":{"0":{"start":{"line":3,"column":16},"end":{"line":12,"column":1}},"1":{"start":{"line":4,"column":15},"end":{"line":4,"column":62}},"2":{"start":{"line":6,"column":2},"end":{"line":11,"column":4}},"3":{"start":{"line":14,"column":0},"end":{"line":16,"column":2}}},"fnMap":{"0":{"name":"(anonymous_0)","decl":{"start":{"line":3,"column":16},"end":{"line":3,"column":17}},"loc":{"start":{"line":3,"column":32},"end":{"line":12,"column":1}},"line":3}},"branchMap":{"0":{"loc":{"start":{"line":4,"column":15},"end":{"line":4,"column":62}},"type":"cond-expr","locations":[{"start":{"line":4,"column":30},"end":{"line":4,"column":44}},{"start":{"line":4,"column":47},"end":{"line":4,"column":62}}],"line":4}},"s":{"0":0,"1":0,"2":0,"3":0},"f":{"0":0},"b":{"0":[0,0]}}
,"C:\\Learning\\React JS Global Mentoring Propgram\\src\\components\\CustomCheckbox\\CustomCheckbox.js": {"path":"C:\\Learning\\React JS Global Mentoring Propgram\\src\\components\\CustomCheckbox\\CustomCheckbox.js","statementMap":{"0":{"start":{"line":5,"column":23},"end":{"line":23,"column":1}},"1":{"start":{"line":8,"column":36},"end":{"line":8,"column":51}},"2":{"start":{"line":9,"column":22},"end":{"line":9,"column":52}},"3":{"start":{"line":9,"column":28},"end":{"line":9,"column":52}},"4":{"start":{"line":11,"column":2},"end":{"line":22,"column":4}},"5":{"start":{"line":25,"column":0},"end":{"line":30,"column":2}},"6":{"start":{"line":32,"column":0},"end":{"line":36,"column":2}}},"fnMap":{"0":{"name":"(anonymous_0)","decl":{"start":{"line":5,"column":23},"end":{"line":5,"column":24}},"loc":{"start":{"line":7,"column":6},"end":{"line":23,"column":1}},"line":7},"1":{"name":"(anonymous_1)","decl":{"start":{"line":9,"column":22},"end":{"line":9,"column":23}},"loc":{"start":{"line":9,"column":28},"end":{"line":9,"column":52}},"line":9}},"branchMap":{},"s":{"0":1,"1":3,"2":3,"3":1,"4":3,"5":1,"6":1},"f":{"0":3,"1":1},"b":{},"_coverageSchema":"1a1c01bbd47fc00a2c39e90264f33305004495a9","hash":"7412917388bd6a1fe9d70013a6267c3a196fff0a"}
,"C:\\Learning\\React JS Global Mentoring Propgram\\src\\components\\CustomForm\\CustomForm.js": {"path":"C:\\Learning\\React JS Global Mentoring Propgram\\src\\components\\CustomForm\\CustomForm.js","statementMap":{"0":{"start":{"line":11,"column":19},"end":{"line":133,"column":1}},"1":{"start":{"line":14,"column":6},"end":{"line":14,"column":15}},"2":{"start":{"line":16,"column":17},"end":{"line":37,"column":4}},"3":{"start":{"line":36,"column":26},"end":{"line":36,"column":42}},"4":{"start":{"line":39,"column":2},"end":{"line":132,"column":4}},"5":{"start":{"line":88,"column":10},"end":{"line":93,"column":12}},"6":{"start":{"line":135,"column":0},"end":{"line":138,"column":2}},"7":{"start":{"line":140,"column":0},"end":{"line":142,"column":2}}},"fnMap":{"0":{"name":"(anonymous_0)","decl":{"start":{"line":11,"column":19},"end":{"line":11,"column":20}},"loc":{"start":{"line":11,"column":48},"end":{"line":133,"column":1}},"line":11},"1":{"name":"(anonymous_1)","decl":{"start":{"line":36,"column":14},"end":{"line":36,"column":15}},"loc":{"start":{"line":36,"column":26},"end":{"line":36,"column":42}},"line":36},"2":{"name":"(anonymous_2)","decl":{"start":{"line":87,"column":46},"end":{"line":87,"column":47}},"loc":{"start":{"line":88,"column":10},"end":{"line":93,"column":12}},"line":88}},"branchMap":{"0":{"loc":{"start":{"line":13,"column":8},"end":{"line":13,"column":18}},"type":"default-arg","locations":[{"start":{"line":13,"column":16},"end":{"line":13,"column":18}}],"line":13},"1":{"loc":{"start":{"line":13,"column":20},"end":{"line":13,"column":37}},"type":"default-arg","locations":[{"start":{"line":13,"column":35},"end":{"line":13,"column":37}}],"line":13},"2":{"loc":{"start":{"line":13,"column":39},"end":{"line":13,"column":55}},"type":"default-arg","locations":[{"start":{"line":13,"column":53},"end":{"line":13,"column":55}}],"line":13},"3":{"loc":{"start":{"line":13,"column":57},"end":{"line":13,"column":74}},"type":"default-arg","locations":[{"start":{"line":13,"column":72},"end":{"line":13,"column":74}}],"line":13},"4":{"loc":{"start":{"line":13,"column":76},"end":{"line":13,"column":87}},"type":"default-arg","locations":[{"start":{"line":13,"column":85},"end":{"line":13,"column":87}}],"line":13},"5":{"loc":{"start":{"line":13,"column":89},"end":{"line":13,"column":101}},"type":"default-arg","locations":[{"start":{"line":13,"column":99},"end":{"line":13,"column":101}}],"line":13},"6":{"loc":{"start":{"line":13,"column":103},"end":{"line":13,"column":116}},"type":"default-arg","locations":[{"start":{"line":13,"column":114},"end":{"line":13,"column":116}}],"line":13},"7":{"loc":{"start":{"line":18,"column":10},"end":{"line":18,"column":36}},"type":"binary-expr","locations":[{"start":{"line":18,"column":10},"end":{"line":18,"column":12}},{"start":{"line":18,"column":16},"end":{"line":18,"column":36}}],"line":18},"8":{"loc":{"start":{"line":52,"column":22},"end":{"line":52,"column":65}},"type":"binary-expr","locations":[{"start":{"line":52,"column":22},"end":{"line":52,"column":42}},{"start":{"line":52,"column":46},"end":{"line":52,"column":65}}],"line":52},"9":{"loc":{"start":{"line":61,"column":22},"end":{"line":61,"column":79}},"type":"binary-expr","locations":[{"start":{"line":61,"column":22},"end":{"line":61,"column":49}},{"start":{"line":61,"column":53},"end":{"line":61,"column":79}}],"line":61},"10":{"loc":{"start":{"line":70,"column":22},"end":{"line":70,"column":77}},"type":"binary-expr","locations":[{"start":{"line":70,"column":22},"end":{"line":70,"column":48}},{"start":{"line":70,"column":52},"end":{"line":70,"column":77}}],"line":70},"11":{"loc":{"start":{"line":75,"column":16},"end":{"line":75,"column":107}},"type":"cond-expr","locations":[{"start":{"line":75,"column":64},"end":{"line":75,"column":66}},{"start":{"line":75,"column":69},"end":{"line":75,"column":107}}],"line":75},"12":{"loc":{"start":{"line":79,"column":22},"end":{"line":79,"column":79}},"type":"binary-expr","locations":[{"start":{"line":79,"column":22},"end":{"line":79,"column":49}},{"start":{"line":79,"column":53},"end":{"line":79,"column":79}}],"line":79},"13":{"loc":{"start":{"line":100,"column":16},"end":{"line":100,"column":97}},"type":"cond-expr","locations":[{"start":{"line":100,"column":59},"end":{"line":100,"column":61}},{"start":{"line":100,"column":64},"end":{"line":100,"column":97}}],"line":100},"14":{"loc":{"start":{"line":104,"column":22},"end":{"line":104,"column":69}},"type":"binary-expr","locations":[{"start":{"line":104,"column":22},"end":{"line":104,"column":44}},{"start":{"line":104,"column":48},"end":{"line":104,"column":69}}],"line":104},"15":{"loc":{"start":{"line":110,"column":24},"end":{"line":110,"column":73}},"type":"binary-expr","locations":[{"start":{"line":110,"column":24},"end":{"line":110,"column":47}},{"start":{"line":110,"column":51},"end":{"line":110,"column":73}}],"line":110}},"s":{"0":0,"1":0,"2":0,"3":0,"4":0,"5":0,"6":0,"7":0},"f":{"0":0,"1":0,"2":0},"b":{"0":[0],"1":[0],"2":[0],"3":[0],"4":[0],"5":[0],"6":[0],"7":[0,0],"8":[0,0],"9":[0,0],"10":[0,0],"11":[0,0],"12":[0,0],"13":[0,0],"14":[0,0],"15":[0,0]}}
,"C:\\Learning\\React JS Global Mentoring Propgram\\src\\components\\CustomInput\\CustomInput.js": {"path":"C:\\Learning\\React JS Global Mentoring Propgram\\src\\components\\CustomInput\\CustomInput.js","statementMap":{"0":{"start":{"line":6,"column":20},"end":{"line":45,"column":1}},"1":{"start":{"line":9,"column":21},"end":{"line":11,"column":3}},"2":{"start":{"line":10,"column":4},"end":{"line":10,"column":27}},"3":{"start":{"line":13,"column":18},"end":{"line":16,"column":4}},"4":{"start":{"line":18,"column":17},"end":{"line":18,"column":32}},"5":{"start":{"line":20,"column":2},"end":{"line":44,"column":4}},"6":{"start":{"line":47,"column":0},"end":{"line":56,"column":2}},"7":{"start":{"line":58,"column":0},"end":{"line":64,"column":2}}},"fnMap":{"0":{"name":"(anonymous_0)","decl":{"start":{"line":6,"column":20},"end":{"line":6,"column":21}},"loc":{"start":{"line":8,"column":6},"end":{"line":45,"column":1}},"line":8},"1":{"name":"(anonymous_1)","decl":{"start":{"line":9,"column":21},"end":{"line":9,"column":22}},"loc":{"start":{"line":9,"column":28},"end":{"line":11,"column":3}},"line":9},"2":{"name":"(anonymous_2)","decl":{"start":{"line":63,"column":16},"end":{"line":63,"column":17}},"loc":{"start":{"line":63,"column":22},"end":{"line":63,"column":24}},"line":63}},"branchMap":{"0":{"loc":{"start":{"line":22,"column":7},"end":{"line":22,"column":21}},"type":"binary-expr","locations":[{"start":{"line":22,"column":7},"end":{"line":22,"column":12}},{"start":{"line":22,"column":16},"end":{"line":22,"column":21}}],"line":22},"1":{"loc":{"start":{"line":23,"column":7},"end":{"line":40,"column":9}},"type":"cond-expr","locations":[{"start":{"line":25,"column":10},"end":{"line":30,"column":12}},{"start":{"line":33,"column":10},"end":{"line":39,"column":12}}],"line":23},"2":{"loc":{"start":{"line":41,"column":7},"end":{"line":41,"column":70}},"type":"binary-expr","locations":[{"start":{"line":41,"column":7},"end":{"line":41,"column":19}},{"start":{"line":41,"column":23},"end":{"line":41,"column":70}}],"line":41}},"s":{"0":1,"1":1,"2":0,"3":1,"4":1,"5":1,"6":1,"7":1},"f":{"0":1,"1":0,"2":0},"b":{"0":[1,0],"1":[0,1],"2":[1,0]},"_coverageSchema":"1a1c01bbd47fc00a2c39e90264f33305004495a9","hash":"bb6d2adb77791d38b9af3b0d2092b34191e81070"}
,"C:\\Learning\\React JS Global Mentoring Propgram\\src\\components\\CustomTexArea\\CustomTextArea.js": {"path":"C:\\Learning\\React JS Global Mentoring Propgram\\src\\components\\CustomTexArea\\CustomTextArea.js","statementMap":{"0":{"start":{"line":3,"column":23},"end":{"line":16,"column":1}},"1":{"start":{"line":6,"column":2},"end":{"line":15,"column":10}},"2":{"start":{"line":18,"column":0},"end":{"line":23,"column":2}},"3":{"start":{"line":25,"column":0},"end":{"line":29,"column":2}}},"fnMap":{"0":{"name":"(anonymous_0)","decl":{"start":{"line":3,"column":23},"end":{"line":3,"column":24}},"loc":{"start":{"line":6,"column":2},"end":{"line":15,"column":10}},"line":6},"1":{"name":"(anonymous_1)","decl":{"start":{"line":28,"column":16},"end":{"line":28,"column":17}},"loc":{"start":{"line":28,"column":22},"end":{"line":28,"column":24}},"line":28}},"branchMap":{"0":{"loc":{"start":{"line":14,"column":5},"end":{"line":14,"column":68}},"type":"binary-expr","locations":[{"start":{"line":14,"column":5},"end":{"line":14,"column":17}},{"start":{"line":14,"column":21},"end":{"line":14,"column":68}}],"line":14}},"s":{"0":0,"1":0,"2":0,"3":0},"f":{"0":0,"1":0},"b":{"0":[0,0]}}
,"C:\\Learning\\React JS Global Mentoring Propgram\\src\\components\\ErrorBoundary\\ErrorBoundary.js": {"path":"C:\\Learning\\React JS Global Mentoring Propgram\\src\\components\\ErrorBoundary\\ErrorBoundary.js","statementMap":{"0":{"start":{"line":6,"column":4},"end":{"line":6,"column":17}},"1":{"start":{"line":7,"column":4},"end":{"line":7,"column":33}},"2":{"start":{"line":11,"column":4},"end":{"line":13,"column":7}},"3":{"start":{"line":17,"column":22},"end":{"line":17,"column":32}},"4":{"start":{"line":18,"column":4},"end":{"line":25,"column":5}},"5":{"start":{"line":19,"column":6},"end":{"line":24,"column":8}},"6":{"start":{"line":27,"column":25},"end":{"line":27,"column":35}},"7":{"start":{"line":29,"column":4},"end":{"line":29,"column":20}},"8":{"start":{"line":33,"column":0},"end":{"line":35,"column":2}}},"fnMap":{"0":{"name":"(anonymous_0)","decl":{"start":{"line":5,"column":2},"end":{"line":5,"column":3}},"loc":{"start":{"line":5,"column":21},"end":{"line":8,"column":3}},"line":5},"1":{"name":"(anonymous_1)","decl":{"start":{"line":10,"column":2},"end":{"line":10,"column":3}},"loc":{"start":{"line":10,"column":27},"end":{"line":14,"column":3}},"line":10},"2":{"name":"(anonymous_2)","decl":{"start":{"line":16,"column":2},"end":{"line":16,"column":3}},"loc":{"start":{"line":16,"column":11},"end":{"line":30,"column":3}},"line":16}},"branchMap":{"0":{"loc":{"start":{"line":18,"column":4},"end":{"line":25,"column":5}},"type":"if","locations":[{"start":{"line":18,"column":4},"end":{"line":25,"column":5}},{"start":{},"end":{}}],"line":18}},"s":{"0":0,"1":0,"2":0,"3":0,"4":0,"5":0,"6":0,"7":0,"8":0},"f":{"0":0,"1":0,"2":0},"b":{"0":[0,0]}}
,"C:\\Learning\\React JS Global Mentoring Propgram\\src\\components\\Footer\\Footer.js": {"path":"C:\\Learning\\React JS Global Mentoring Propgram\\src\\components\\Footer\\Footer.js","statementMap":{"0":{"start":{"line":4,"column":15},"end":{"line":8,"column":1}},"1":{"start":{"line":5,"column":2},"end":{"line":7,"column":11}}},"fnMap":{"0":{"name":"(anonymous_0)","decl":{"start":{"line":4,"column":15},"end":{"line":4,"column":16}},"loc":{"start":{"line":5,"column":2},"end":{"line":7,"column":11}},"line":5}},"branchMap":{},"s":{"0":0,"1":0},"f":{"0":0},"b":{}}
,"C:\\Learning\\React JS Global Mentoring Propgram\\src\\components\\Header\\Header.js": {"path":"C:\\Learning\\React JS Global Mentoring Propgram\\src\\components\\Header\\Header.js","statementMap":{"0":{"start":{"line":7,"column":15},"end":{"line":27,"column":1}},"1":{"start":{"line":8,"column":31},"end":{"line":8,"column":64}},"2":{"start":{"line":8,"column":37},"end":{"line":8,"column":64}},"3":{"start":{"line":9,"column":2},"end":{"line":26,"column":4}},"4":{"start":{"line":29,"column":0},"end":{"line":31,"column":2}}},"fnMap":{"0":{"name":"(anonymous_0)","decl":{"start":{"line":7,"column":15},"end":{"line":7,"column":16}},"loc":{"start":{"line":7,"column":39},"end":{"line":27,"column":1}},"line":7},"1":{"name":"(anonymous_1)","decl":{"start":{"line":8,"column":31},"end":{"line":8,"column":32}},"loc":{"start":{"line":8,"column":37},"end":{"line":8,"column":64}},"line":8}},"branchMap":{},"s":{"0":0,"1":0,"2":0,"3":0,"4":0},"f":{"0":0,"1":0},"b":{}}
,"C:\\Learning\\React JS Global Mentoring Propgram\\src\\components\\Login\\Login.js": {"path":"C:\\Learning\\React JS Global Mentoring Propgram\\src\\components\\Login\\Login.js","statementMap":{"0":{"start":{"line":6,"column":14},"end":{"line":44,"column":1}},"1":{"start":{"line":7,"column":2},"end":{"line":43,"column":8}}},"fnMap":{"0":{"name":"(anonymous_0)","decl":{"start":{"line":6,"column":14},"end":{"line":6,"column":15}},"loc":{"start":{"line":7,"column":2},"end":{"line":43,"column":8}},"line":7}},"branchMap":{},"s":{"0":0,"1":0},"f":{"0":0},"b":{}}
,"C:\\Learning\\React JS Global Mentoring Propgram\\src\\components\\Logo\\Logo.js": {"path":"C:\\Learning\\React JS Global Mentoring Propgram\\src\\components\\Logo\\Logo.js","statementMap":{"0":{"start":{"line":4,"column":13},"end":{"line":12,"column":1}},"1":{"start":{"line":5,"column":2},"end":{"line":11,"column":6}}},"fnMap":{"0":{"name":"(anonymous_0)","decl":{"start":{"line":4,"column":13},"end":{"line":4,"column":14}},"loc":{"start":{"line":5,"column":2},"end":{"line":11,"column":6}},"line":5}},"branchMap":{},"s":{"0":1,"1":2},"f":{"0":2},"b":{},"_coverageSchema":"1a1c01bbd47fc00a2c39e90264f33305004495a9","hash":"77403c804523440a0411a85caaa25b6c0139f246"}
,"C:\\Learning\\React JS Global Mentoring Propgram\\src\\components\\Modal\\Modal.js": {"path":"C:\\Learning\\React JS Global Mentoring Propgram\\src\\components\\Modal\\Modal.js","statementMap":{"0":{"start":{"line":7,"column":14},"end":{"line":40,"column":1}},"1":{"start":{"line":10,"column":23},"end":{"line":13,"column":4}},"2":{"start":{"line":14,"column":2},"end":{"line":39,"column":4}},"3":{"start":{"line":42,"column":0},"end":{"line":49,"column":2}},"4":{"start":{"line":51,"column":0},"end":{"line":54,"column":2}}},"fnMap":{"0":{"name":"(anonymous_0)","decl":{"start":{"line":7,"column":14},"end":{"line":7,"column":15}},"loc":{"start":{"line":9,"column":6},"end":{"line":40,"column":1}},"line":9}},"branchMap":{"0":{"loc":{"start":{"line":22,"column":9},"end":{"line":22,"column":60}},"type":"binary-expr","locations":[{"start":{"line":22,"column":9},"end":{"line":22,"column":18}},{"start":{"line":22,"column":22},"end":{"line":22,"column":60}}],"line":22},"1":{"loc":{"start":{"line":25,"column":9},"end":{"line":35,"column":9}},"type":"binary-expr","locations":[{"start":{"line":25,"column":9},"end":{"line":25,"column":19}},{"start":{"line":26,"column":8},"end":{"line":34,"column":15}}],"line":25}},"s":{"0":0,"1":0,"2":0,"3":0,"4":0},"f":{"0":0},"b":{"0":[0,0],"1":[0,0]}}
,"C:\\Learning\\React JS Global Mentoring Propgram\\src\\components\\MovieCard\\MovieCard.js": {"path":"C:\\Learning\\React JS Global Mentoring Propgram\\src\\components\\MovieCard\\MovieCard.js","statementMap":{"0":{"start":{"line":7,"column":18},"end":{"line":81,"column":1}},"1":{"start":{"line":10,"column":48},"end":{"line":10,"column":63}},"2":{"start":{"line":11,"column":22},"end":{"line":11,"column":64}},"3":{"start":{"line":11,"column":28},"end":{"line":11,"column":64}},"4":{"start":{"line":13,"column":31},"end":{"line":16,"column":4}},"5":{"start":{"line":18,"column":25},"end":{"line":21,"column":4}},"6":{"start":{"line":25,"column":6},"end":{"line":25,"column":11}},"7":{"start":{"line":27,"column":37},"end":{"line":29,"column":3}},"8":{"start":{"line":28,"column":4},"end":{"line":28,"column":40}},"9":{"start":{"line":31,"column":39},"end":{"line":33,"column":3}},"10":{"start":{"line":32,"column":4},"end":{"line":32,"column":22}},"11":{"start":{"line":35,"column":32},"end":{"line":37,"column":3}},"12":{"start":{"line":36,"column":4},"end":{"line":36,"column":25}},"13":{"start":{"line":39,"column":2},"end":{"line":80,"column":4}},"14":{"start":{"line":83,"column":0},"end":{"line":89,"column":2}},"15":{"start":{"line":91,"column":0},"end":{"line":93,"column":2}}},"fnMap":{"0":{"name":"(anonymous_0)","decl":{"start":{"line":7,"column":18},"end":{"line":7,"column":19}},"loc":{"start":{"line":9,"column":6},"end":{"line":81,"column":1}},"line":9},"1":{"name":"(anonymous_1)","decl":{"start":{"line":11,"column":22},"end":{"line":11,"column":23}},"loc":{"start":{"line":11,"column":28},"end":{"line":11,"column":64}},"line":11},"2":{"name":"(anonymous_2)","decl":{"start":{"line":27,"column":37},"end":{"line":27,"column":38}},"loc":{"start":{"line":27,"column":43},"end":{"line":29,"column":3}},"line":27},"3":{"name":"(anonymous_3)","decl":{"start":{"line":31,"column":39},"end":{"line":31,"column":40}},"loc":{"start":{"line":31,"column":45},"end":{"line":33,"column":3}},"line":31},"4":{"name":"(anonymous_4)","decl":{"start":{"line":35,"column":32},"end":{"line":35,"column":33}},"loc":{"start":{"line":35,"column":38},"end":{"line":37,"column":3}},"line":35}},"branchMap":{"0":{"loc":{"start":{"line":43,"column":20},"end":{"line":43,"column":72}},"type":"cond-expr","locations":[{"start":{"line":43,"column":38},"end":{"line":43,"column":54}},{"start":{"line":43,"column":57},"end":{"line":43,"column":72}}],"line":43}},"s":{"0":1,"1":7,"2":7,"3":0,"4":7,"5":7,"6":7,"7":7,"8":1,"9":7,"10":1,"11":7,"12":1,"13":7,"14":1,"15":1},"f":{"0":7,"1":0,"2":1,"3":1,"4":1},"b":{"0":[0,7]},"_coverageSchema":"1a1c01bbd47fc00a2c39e90264f33305004495a9","hash":"eaf2ddc9ce770c25c58d346690eb9ffcdf822087"}
,"C:\\Learning\\React JS Global Mentoring Propgram\\src\\components\\MovieInfo\\MovieInfo.js": {"path":"C:\\Learning\\React JS Global Mentoring Propgram\\src\\components\\MovieInfo\\MovieInfo.js","statementMap":{"0":{"start":{"line":9,"column":18},"end":{"line":47,"column":1}},"1":{"start":{"line":12,"column":6},"end":{"line":12,"column":15}},"2":{"start":{"line":14,"column":19},"end":{"line":18,"column":3}},"3":{"start":{"line":15,"column":18},"end":{"line":15,"column":39}},"4":{"start":{"line":16,"column":20},"end":{"line":16,"column":29}},"5":{"start":{"line":17,"column":4},"end":{"line":17,"column":37}},"6":{"start":{"line":19,"column":15},"end":{"line":19,"column":32}},"7":{"start":{"line":21,"column":2},"end":{"line":46,"column":4}},"8":{"start":{"line":49,"column":0},"end":{"line":60,"column":2}},"9":{"start":{"line":62,"column":0},"end":{"line":64,"column":2}}},"fnMap":{"0":{"name":"(anonymous_0)","decl":{"start":{"line":9,"column":18},"end":{"line":9,"column":19}},"loc":{"start":{"line":9,"column":53},"end":{"line":47,"column":1}},"line":9},"1":{"name":"(anonymous_1)","decl":{"start":{"line":14,"column":19},"end":{"line":14,"column":20}},"loc":{"start":{"line":14,"column":29},"end":{"line":18,"column":3}},"line":14}},"branchMap":{},"s":{"0":1,"1":2,"2":2,"3":2,"4":2,"5":2,"6":2,"7":2,"8":1,"9":1},"f":{"0":2,"1":2},"b":{},"_coverageSchema":"1a1c01bbd47fc00a2c39e90264f33305004495a9","hash":"c88a78ad930039ca71978daf138deaed18bb0995"}
,"C:\\Learning\\React JS Global Mentoring Propgram\\src\\components\\MovieList\\MovieList.js": {"path":"C:\\Learning\\React JS Global Mentoring Propgram\\src\\components\\MovieList\\MovieList.js","statementMap":{"0":{"start":{"line":7,"column":18},"end":{"line":61,"column":1}},"1":{"start":{"line":18,"column":2},"end":{"line":60,"column":9}},"2":{"start":{"line":22,"column":10},"end":{"line":29,"column":20}},"3":{"start":{"line":38,"column":10},"end":{"line":43,"column":19}},"4":{"start":{"line":40,"column":27},"end":{"line":40,"column":44}},"5":{"start":{"line":50,"column":8},"end":{"line":57,"column":10}},"6":{"start":{"line":63,"column":0},"end":{"line":73,"column":2}}},"fnMap":{"0":{"name":"(anonymous_0)","decl":{"start":{"line":7,"column":18},"end":{"line":7,"column":19}},"loc":{"start":{"line":18,"column":2},"end":{"line":60,"column":9}},"line":18},"1":{"name":"(anonymous_1)","decl":{"start":{"line":21,"column":20},"end":{"line":21,"column":21}},"loc":{"start":{"line":22,"column":10},"end":{"line":29,"column":20}},"line":22},"2":{"name":"(anonymous_2)","decl":{"start":{"line":37,"column":49},"end":{"line":37,"column":50}},"loc":{"start":{"line":38,"column":10},"end":{"line":43,"column":19}},"line":38},"3":{"name":"(anonymous_3)","decl":{"start":{"line":40,"column":21},"end":{"line":40,"column":22}},"loc":{"start":{"line":40,"column":27},"end":{"line":40,"column":44}},"line":40},"4":{"name":"(anonymous_4)","decl":{"start":{"line":49,"column":18},"end":{"line":49,"column":19}},"loc":{"start":{"line":50,"column":8},"end":{"line":57,"column":10}},"line":50}},"branchMap":{},"s":{"0":0,"1":0,"2":0,"3":0,"4":0,"5":0,"6":0},"f":{"0":0,"1":0,"2":0,"3":0,"4":0},"b":{}}
,"C:\\Learning\\React JS Global Mentoring Propgram\\src\\components\\MovieList\\MovieListContainer.js": {"path":"C:\\Learning\\React JS Global Mentoring Propgram\\src\\components\\MovieList\\MovieListContainer.js","statementMap":{"0":{"start":{"line":9,"column":27},"end":{"line":117,"column":1}},"1":{"start":{"line":10,"column":19},"end":{"line":10,"column":32}},"2":{"start":{"line":11,"column":39},"end":{"line":11,"column":76}},"3":{"start":{"line":11,"column":62},"end":{"line":11,"column":75}},"4":{"start":{"line":12,"column":17},"end":{"line":12,"column":81}},"5":{"start":{"line":13,"column":40},"end":{"line":13,"column":76}},"6":{"start":{"line":13,"column":63},"end":{"line":13,"column":75}},"7":{"start":{"line":15,"column":23},"end":{"line":15,"column":36}},"8":{"start":{"line":17,"column":2},"end":{"line":23,"column":46}},"9":{"start":{"line":18,"column":27},"end":{"line":20,"column":5}},"10":{"start":{"line":21,"column":16},"end":{"line":21,"column":70}},"11":{"start":{"line":22,"column":4},"end":{"line":22,"column":30}},"12":{"start":{"line":25,"column":52},"end":{"line":25,"column":76}},"13":{"start":{"line":26,"column":24},"end":{"line":26,"column":79}},"14":{"start":{"line":26,"column":47},"end":{"line":26,"column":78}},"15":{"start":{"line":27,"column":22},"end":{"line":49,"column":3}},"16":{"start":{"line":29,"column":4},"end":{"line":45,"column":5}},"17":{"start":{"line":31,"column":8},"end":{"line":31,"column":32}},"18":{"start":{"line":32,"column":8},"end":{"line":32,"column":14}},"19":{"start":{"line":35,"column":8},"end":{"line":35,"column":26}},"20":{"start":{"line":36,"column":8},"end":{"line":36,"column":14}},"21":{"start":{"line":39,"column":8},"end":{"line":39,"column":32}},"22":{"start":{"line":40,"column":8},"end":{"line":40,"column":14}},"23":{"start":{"line":43,"column":8},"end":{"line":43,"column":20}},"24":{"start":{"line":46,"column":22},"end":{"line":46,"column":63}},"25":{"start":{"line":47,"column":4},"end":{"line":47,"column":68}},"26":{"start":{"line":48,"column":4},"end":{"line":48,"column":32}},"27":{"start":{"line":51,"column":17},"end":{"line":51,"column":68}},"28":{"start":{"line":53,"column":24},"end":{"line":53,"column":37}},"29":{"start":{"line":54,"column":38},"end":{"line":54,"column":52}},"30":{"start":{"line":55,"column":36},"end":{"line":55,"column":50}},"31":{"start":{"line":56,"column":48},"end":{"line":56,"column":63}},"32":{"start":{"line":57,"column":46},"end":{"line":57,"column":61}},"33":{"start":{"line":58,"column":42},"end":{"line":58,"column":56}},"34":{"start":{"line":60,"column":20},"end":{"line":67,"column":3}},"35":{"start":{"line":61,"column":4},"end":{"line":61,"column":44}},"36":{"start":{"line":62,"column":4},"end":{"line":62,"column":51}},"37":{"start":{"line":63,"column":4},"end":{"line":63,"column":25}},"38":{"start":{"line":64,"column":4},"end":{"line":64,"column":23}},"39":{"start":{"line":65,"column":4},"end":{"line":65,"column":35}},"40":{"start":{"line":66,"column":4},"end":{"line":66,"column":33}},"41":{"start":{"line":69,"column":21},"end":{"line":72,"column":3}},"42":{"start":{"line":70,"column":4},"end":{"line":70,"column":38}},"43":{"start":{"line":71,"column":4},"end":{"line":71,"column":51}},"44":{"start":{"line":74,"column":35},"end":{"line":84,"column":3}},"45":{"start":{"line":75,"column":16},"end":{"line":75,"column":47}},"46":{"start":{"line":76,"column":4},"end":{"line":83,"column":7}},"47":{"start":{"line":79,"column":6},"end":{"line":79,"column":19}},"48":{"start":{"line":81,"column":6},"end":{"line":81,"column":75}},"49":{"start":{"line":82,"column":6},"end":{"line":82,"column":29}},"50":{"start":{"line":86,"column":28},"end":{"line":89,"column":3}},"51":{"start":{"line":87,"column":4},"end":{"line":87,"column":24}},"52":{"start":{"line":88,"column":4},"end":{"line":88,"column":91}},"53":{"start":{"line":91,"column":2},"end":{"line":116,"column":4}},"54":{"start":{"line":119,"column":0},"end":{"line":122,"column":2}},"55":{"start":{"line":124,"column":0},"end":{"line":124,"column":54}}},"fnMap":{"0":{"name":"(anonymous_0)","decl":{"start":{"line":9,"column":27},"end":{"line":9,"column":28}},"loc":{"start":{"line":9,"column":66},"end":{"line":117,"column":1}},"line":9},"1":{"name":"(anonymous_1)","decl":{"start":{"line":11,"column":51},"end":{"line":11,"column":52}},"loc":{"start":{"line":11,"column":62},"end":{"line":11,"column":75}},"line":11},"2":{"name":"(anonymous_2)","decl":{"start":{"line":13,"column":52},"end":{"line":13,"column":53}},"loc":{"start":{"line":13,"column":63},"end":{"line":13,"column":75}},"line":13},"3":{"name":"(anonymous_3)","decl":{"start":{"line":17,"column":12},"end":{"line":17,"column":13}},"loc":{"start":{"line":17,"column":18},"end":{"line":23,"column":3}},"line":17},"4":{"name":"(anonymous_4)","decl":{"start":{"line":26,"column":36},"end":{"line":26,"column":37}},"loc":{"start":{"line":26,"column":47},"end":{"line":26,"column":78}},"line":26},"5":{"name":"(anonymous_5)","decl":{"start":{"line":27,"column":22},"end":{"line":27,"column":23}},"loc":{"start":{"line":27,"column":33},"end":{"line":49,"column":3}},"line":27},"6":{"name":"(anonymous_6)","decl":{"start":{"line":60,"column":20},"end":{"line":60,"column":21}},"loc":{"start":{"line":60,"column":60},"end":{"line":67,"column":3}},"line":60},"7":{"name":"(anonymous_7)","decl":{"start":{"line":69,"column":21},"end":{"line":69,"column":22}},"loc":{"start":{"line":69,"column":27},"end":{"line":72,"column":3}},"line":69},"8":{"name":"(anonymous_8)","decl":{"start":{"line":74,"column":35},"end":{"line":74,"column":36}},"loc":{"start":{"line":74,"column":41},"end":{"line":84,"column":3}},"line":74},"9":{"name":"(anonymous_9)","decl":{"start":{"line":78,"column":12},"end":{"line":78,"column":13}},"loc":{"start":{"line":78,"column":18},"end":{"line":80,"column":5}},"line":78},"10":{"name":"(anonymous_10)","decl":{"start":{"line":80,"column":12},"end":{"line":80,"column":13}},"loc":{"start":{"line":80,"column":18},"end":{"line":83,"column":5}},"line":80},"11":{"name":"(anonymous_11)","decl":{"start":{"line":86,"column":28},"end":{"line":86,"column":29}},"loc":{"start":{"line":86,"column":36},"end":{"line":89,"column":3}},"line":86}},"branchMap":{"0":{"loc":{"start":{"line":12,"column":17},"end":{"line":12,"column":81}},"type":"binary-expr","locations":[{"start":{"line":12,"column":17},"end":{"line":12,"column":75}},{"start":{"line":12,"column":79},"end":{"line":12,"column":81}}],"line":12},"1":{"loc":{"start":{"line":29,"column":4},"end":{"line":45,"column":5}},"type":"switch","locations":[{"start":{"line":30,"column":6},"end":{"line":33,"column":7}},{"start":{"line":34,"column":6},"end":{"line":37,"column":7}},{"start":{"line":38,"column":6},"end":{"line":41,"column":7}},{"start":{"line":42,"column":6},"end":{"line":44,"column":7}}],"line":29},"2":{"loc":{"start":{"line":46,"column":22},"end":{"line":46,"column":63}},"type":"cond-expr","locations":[{"start":{"line":46,"column":49},"end":{"line":46,"column":54}},{"start":{"line":46,"column":57},"end":{"line":46,"column":63}}],"line":46},"3":{"loc":{"start":{"line":104,"column":7},"end":{"line":113,"column":7}},"type":"binary-expr","locations":[{"start":{"line":104,"column":7},"end":{"line":104,"column":28}},{"start":{"line":105,"column":6},"end":{"line":112,"column":8}}],"line":104}},"s":{"0":0,"1":0,"2":0,"3":0,"4":0,"5":0,"6":0,"7":0,"8":0,"9":0,"10":0,"11":0,"12":0,"13":0,"14":0,"15":0,"16":0,"17":0,"18":0,"19":0,"20":0,"21":0,"22":0,"23":0,"24":0,"25":0,"26":0,"27":0,"28":0,"29":0,"30":0,"31":0,"32":0,"33":0,"34":0,"35":0,"36":0,"37":0,"38":0,"39":0,"40":0,"41":0,"42":0,"43":0,"44":0,"45":0,"46":0,"47":0,"48":0,"49":0,"50":0,"51":0,"52":0,"53":0,"54":0,"55":0},"f":{"0":0,"1":0,"2":0,"3":0,"4":0,"5":0,"6":0,"7":0,"8":0,"9":0,"10":0,"11":0},"b":{"0":[0,0],"1":[0,0,0,0],"2":[0,0],"3":[0,0]}}
,"C:\\Learning\\React JS Global Mentoring Propgram\\src\\components\\MoviePopup\\MoviePopup.js": {"path":"C:\\Learning\\React JS Global Mentoring Propgram\\src\\components\\MoviePopup\\MoviePopup.js","statementMap":{"0":{"start":{"line":7,"column":19},"end":{"line":24,"column":1}},"1":{"start":{"line":10,"column":2},"end":{"line":23,"column":17}},"2":{"start":{"line":26,"column":0},"end":{"line":31,"column":2}},"3":{"start":{"line":33,"column":0},"end":{"line":35,"column":2}}},"fnMap":{"0":{"name":"(anonymous_0)","decl":{"start":{"line":7,"column":19},"end":{"line":7,"column":20}},"loc":{"start":{"line":10,"column":2},"end":{"line":23,"column":17}},"line":10}},"branchMap":{},"s":{"0":0,"1":0,"2":0,"3":0},"f":{"0":0},"b":{}}
,"C:\\Learning\\React JS Global Mentoring Propgram\\src\\components\\MoviePopup\\MoviePopupContainer.js": {"path":"C:\\Learning\\React JS Global Mentoring Propgram\\src\\components\\MoviePopup\\MoviePopupContainer.js","statementMap":{"0":{"start":{"line":6,"column":28},"end":{"line":48,"column":1}},"1":{"start":{"line":7,"column":48},"end":{"line":7,"column":53}},"2":{"start":{"line":8,"column":19},"end":{"line":8,"column":32}},"3":{"start":{"line":10,"column":14},"end":{"line":10,"column":55}},"4":{"start":{"line":10,"column":37},"end":{"line":10,"column":54}},"5":{"start":{"line":12,"column":22},"end":{"line":38,"column":3}},"6":{"start":{"line":13,"column":19},"end":{"line":13,"column":41}},"7":{"start":{"line":14,"column":4},"end":{"line":37,"column":7}},"8":{"start":{"line":20,"column":8},"end":{"line":29,"column":9}},"9":{"start":{"line":23,"column":12},"end":{"line":23,"column":26}},"10":{"start":{"line":26,"column":12},"end":{"line":26,"column":47}},"11":{"start":{"line":28,"column":19},"end":{"line":28,"column":32}},"12":{"start":{"line":33,"column":6},"end":{"line":35,"column":7}},"13":{"start":{"line":34,"column":8},"end":{"line":34,"column":41}},"14":{"start":{"line":36,"column":6},"end":{"line":36,"column":24}},"15":{"start":{"line":40,"column":2},"end":{"line":47,"column":4}},"16":{"start":{"line":50,"column":0},"end":{"line":54,"column":2}},"17":{"start":{"line":56,"column":0},"end":{"line":58,"column":2}}},"fnMap":{"0":{"name":"(anonymous_0)","decl":{"start":{"line":6,"column":28},"end":{"line":6,"column":29}},"loc":{"start":{"line":6,"column":39},"end":{"line":48,"column":1}},"line":6},"1":{"name":"(anonymous_1)","decl":{"start":{"line":10,"column":26},"end":{"line":10,"column":27}},"loc":{"start":{"line":10,"column":37},"end":{"line":10,"column":54}},"line":10},"2":{"name":"(anonymous_2)","decl":{"start":{"line":12,"column":22},"end":{"line":12,"column":23}},"loc":{"start":{"line":12,"column":37},"end":{"line":38,"column":3}},"line":12},"3":{"name":"(anonymous_3)","decl":{"start":{"line":19,"column":38},"end":{"line":19,"column":39}},"loc":{"start":{"line":19,"column":54},"end":{"line":30,"column":7}},"line":19},"4":{"name":"(anonymous_4)","decl":{"start":{"line":32,"column":12},"end":{"line":32,"column":13}},"loc":{"start":{"line":32,"column":18},"end":{"line":37,"column":5}},"line":32}},"branchMap":{"0":{"loc":{"start":{"line":15,"column":14},"end":{"line":15,"column":37}},"type":"cond-expr","locations":[{"start":{"line":15,"column":23},"end":{"line":15,"column":28}},{"start":{"line":15,"column":31},"end":{"line":15,"column":37}}],"line":15},"1":{"loc":{"start":{"line":20,"column":8},"end":{"line":29,"column":9}},"type":"switch","locations":[{"start":{"line":21,"column":10},"end":{"line":21,"column":30}},{"start":{"line":22,"column":10},"end":{"line":24,"column":11}},{"start":{"line":25,"column":10},"end":{"line":27,"column":11}},{"start":{"line":28,"column":10},"end":{"line":28,"column":32}}],"line":20},"2":{"loc":{"start":{"line":26,"column":19},"end":{"line":26,"column":46}},"type":"cond-expr","locations":[{"start":{"line":26,"column":29},"end":{"line":26,"column":38}},{"start":{"line":26,"column":41},"end":{"line":26,"column":46}}],"line":26},"3":{"loc":{"start":{"line":33,"column":6},"end":{"line":35,"column":7}},"type":"if","locations":[{"start":{"line":33,"column":6},"end":{"line":35,"column":7}},{"start":{},"end":{}}],"line":33}},"s":{"0":0,"1":0,"2":0,"3":0,"4":0,"5":0,"6":0,"7":0,"8":0,"9":0,"10":0,"11":0,"12":0,"13":0,"14":0,"15":0,"16":0,"17":0},"f":{"0":0,"1":0,"2":0,"3":0,"4":0},"b":{"0":[0,0],"1":[0,0,0,0],"2":[0,0],"3":[0,0]}}
,"C:\\Learning\\React JS Global Mentoring Propgram\\src\\components\\PopupWrapper\\PopupWrapper.js": {"path":"C:\\Learning\\React JS Global Mentoring Propgram\\src\\components\\PopupWrapper\\PopupWrapper.js","statementMap":{"0":{"start":{"line":3,"column":21},"end":{"line":7,"column":1}},"1":{"start":{"line":4,"column":2},"end":{"line":6,"column":8}},"2":{"start":{"line":9,"column":0},"end":{"line":11,"column":2}}},"fnMap":{"0":{"name":"(anonymous_0)","decl":{"start":{"line":3,"column":21},"end":{"line":3,"column":22}},"loc":{"start":{"line":4,"column":2},"end":{"line":6,"column":8}},"line":4}},"branchMap":{},"s":{"0":0,"1":0,"2":0},"f":{"0":0},"b":{}}
,"C:\\Learning\\React JS Global Mentoring Propgram\\src\\components\\SearchForm\\SearchForm.js": {"path":"C:\\Learning\\React JS Global Mentoring Propgram\\src\\components\\SearchForm\\SearchForm.js","statementMap":{"0":{"start":{"line":7,"column":19},"end":{"line":29,"column":1}},"1":{"start":{"line":8,"column":22},"end":{"line":8,"column":86}},"2":{"start":{"line":9,"column":50},"end":{"line":9,"column":71}},"3":{"start":{"line":10,"column":23},"end":{"line":10,"column":65}},"4":{"start":{"line":10,"column":30},"end":{"line":10,"column":65}},"5":{"start":{"line":12,"column":2},"end":{"line":28,"column":4}}},"fnMap":{"0":{"name":"(anonymous_0)","decl":{"start":{"line":7,"column":19},"end":{"line":7,"column":20}},"loc":{"start":{"line":7,"column":25},"end":{"line":29,"column":1}},"line":7},"1":{"name":"(anonymous_1)","decl":{"start":{"line":10,"column":23},"end":{"line":10,"column":24}},"loc":{"start":{"line":10,"column":30},"end":{"line":10,"column":65}},"line":10}},"branchMap":{"0":{"loc":{"start":{"line":8,"column":22},"end":{"line":8,"column":86}},"type":"binary-expr","locations":[{"start":{"line":8,"column":22},"end":{"line":8,"column":80}},{"start":{"line":8,"column":84},"end":{"line":8,"column":86}}],"line":8}},"s":{"0":0,"1":0,"2":0,"3":0,"4":0,"5":0},"f":{"0":0,"1":0},"b":{"0":[0,0]}}
,"C:\\Learning\\React JS Global Mentoring Propgram\\src\\components\\SelectButton\\SelectButton.js": {"path":"C:\\Learning\\React JS Global Mentoring Propgram\\src\\components\\SelectButton\\SelectButton.js","statementMap":{"0":{"start":{"line":5,"column":21},"end":{"line":38,"column":1}},"1":{"start":{"line":8,"column":34},"end":{"line":8,"column":49}},"2":{"start":{"line":10,"column":22},"end":{"line":12,"column":3}},"3":{"start":{"line":11,"column":4},"end":{"line":11,"column":27}},"4":{"start":{"line":14,"column":24},"end":{"line":17,"column":4}},"5":{"start":{"line":19,"column":2},"end":{"line":37,"column":4}},"6":{"start":{"line":32,"column":52},"end":{"line":32,"column":69}},"7":{"start":{"line":40,"column":0},"end":{"line":46,"column":2}},"8":{"start":{"line":48,"column":0},"end":{"line":53,"column":2}}},"fnMap":{"0":{"name":"(anonymous_0)","decl":{"start":{"line":5,"column":21},"end":{"line":5,"column":22}},"loc":{"start":{"line":7,"column":6},"end":{"line":38,"column":1}},"line":7},"1":{"name":"(anonymous_1)","decl":{"start":{"line":10,"column":22},"end":{"line":10,"column":23}},"loc":{"start":{"line":10,"column":28},"end":{"line":12,"column":3}},"line":10},"2":{"name":"(anonymous_2)","decl":{"start":{"line":32,"column":40},"end":{"line":32,"column":41}},"loc":{"start":{"line":32,"column":52},"end":{"line":32,"column":69}},"line":32}},"branchMap":{"0":{"loc":{"start":{"line":28,"column":11},"end":{"line":28,"column":31}},"type":"binary-expr","locations":[{"start":{"line":28,"column":11},"end":{"line":28,"column":16}},{"start":{"line":28,"column":20},"end":{"line":28,"column":31}}],"line":28}},"s":{"0":0,"1":0,"2":0,"3":0,"4":0,"5":0,"6":0,"7":0,"8":0},"f":{"0":0,"1":0,"2":0},"b":{"0":[0,0]}}
,"C:\\Learning\\React JS Global Mentoring Propgram\\src\\components\\Title\\Title.js": {"path":"C:\\Learning\\React JS Global Mentoring Propgram\\src\\components\\Title\\Title.js","statementMap":{"0":{"start":{"line":5,"column":14},"end":{"line":5,"column":75}},"1":{"start":{"line":5,"column":33},"end":{"line":5,"column":74}},"2":{"start":{"line":7,"column":0},"end":{"line":9,"column":2}}},"fnMap":{"0":{"name":"(anonymous_0)","decl":{"start":{"line":5,"column":14},"end":{"line":5,"column":15}},"loc":{"start":{"line":5,"column":33},"end":{"line":5,"column":74}},"line":5}},"branchMap":{},"s":{"0":1,"1":2,"2":1},"f":{"0":2},"b":{},"_coverageSchema":"1a1c01bbd47fc00a2c39e90264f33305004495a9","hash":"65e68a4ac93ddf1cea2db2a8d28d0dc90b67762a"}
,"C:\\Learning\\React JS Global Mentoring Propgram\\src\\store\\moviesSlice.js": {"path":"C:\\Learning\\React JS Global Mentoring Propgram\\src\\store\\moviesSlice.js","statementMap":{"0":{"start":{"line":3,"column":0},"end":{"line":3,"column":26}},"1":{"start":{"line":5,"column":26},"end":{"line":5,"column":116}},"2":{"start":{"line":5,"column":79},"end":{"line":5,"column":115}},"3":{"start":{"line":5,"column":104},"end":{"line":5,"column":114}},"4":{"start":{"line":7,"column":27},"end":{"line":29,"column":2}},"5":{"start":{"line":15,"column":6},"end":{"line":15,"column":46}},"6":{"start":{"line":19,"column":6},"end":{"line":19,"column":42}},"7":{"start":{"line":23,"column":6},"end":{"line":23,"column":42}},"8":{"start":{"line":27,"column":48},"end":{"line":27,"column":69}},"9":{"start":{"line":31,"column":71},"end":{"line":31,"column":90}}},"fnMap":{"0":{"name":"(anonymous_0)","decl":{"start":{"line":5,"column":64},"end":{"line":5,"column":65}},"loc":{"start":{"line":5,"column":79},"end":{"line":5,"column":115}},"line":5},"1":{"name":"(anonymous_1)","decl":{"start":{"line":5,"column":95},"end":{"line":5,"column":96}},"loc":{"start":{"line":5,"column":104},"end":{"line":5,"column":114}},"line":5},"2":{"name":"(anonymous_2)","decl":{"start":{"line":14,"column":15},"end":{"line":14,"column":16}},"loc":{"start":{"line":14,"column":34},"end":{"line":16,"column":5}},"line":14},"3":{"name":"(anonymous_3)","decl":{"start":{"line":17,"column":25},"end":{"line":17,"column":26}},"loc":{"start":{"line":17,"column":44},"end":{"line":20,"column":5}},"line":17},"4":{"name":"(anonymous_4)","decl":{"start":{"line":21,"column":25},"end":{"line":21,"column":26}},"loc":{"start":{"line":21,"column":44},"end":{"line":24,"column":5}},"line":21},"5":{"name":"(anonymous_5)","decl":{"start":{"line":27,"column":28},"end":{"line":27,"column":29}},"loc":{"start":{"line":27,"column":48},"end":{"line":27,"column":69}},"line":27}},"branchMap":{},"s":{"0":0,"1":0,"2":0,"3":0,"4":0,"5":0,"6":0,"7":0,"8":0,"9":0},"f":{"0":0,"1":0,"2":0,"3":0,"4":0,"5":0},"b":{}}
,"C:\\Learning\\React JS Global Mentoring Propgram\\src\\store\\requestSlice.js": {"path":"C:\\Learning\\React JS Global Mentoring Propgram\\src\\store\\requestSlice.js","statementMap":{"0":{"start":{"line":3,"column":28},"end":{"line":34,"column":2}},"1":{"start":{"line":16,"column":63},"end":{"line":24,"column":5}},"2":{"start":{"line":25,"column":61},"end":{"line":32,"column":5}},"3":{"start":{"line":36,"column":58},"end":{"line":36,"column":78}}},"fnMap":{"0":{"name":"(anonymous_0)","decl":{"start":{"line":16,"column":25},"end":{"line":16,"column":26}},"loc":{"start":{"line":16,"column":63},"end":{"line":24,"column":5}},"line":16},"1":{"name":"(anonymous_1)","decl":{"start":{"line":25,"column":23},"end":{"line":25,"column":24}},"loc":{"start":{"line":25,"column":61},"end":{"line":32,"column":5}},"line":25}},"branchMap":{},"s":{"0":0,"1":0,"2":0,"3":0},"f":{"0":0,"1":0},"b":{}}
,"C:\\Learning\\React JS Global Mentoring Propgram\\src\\store\\store.js": {"path":"C:\\Learning\\React JS Global Mentoring Propgram\\src\\store\\store.js","statementMap":{},"fnMap":{},"branchMap":{},"s":{},"f":{},"b":{}}
}
